<?xml version="1.0" encoding="UTF-8"?>
<!-- Generated by org.testng.reporters.JUnitReportReporter -->
<testsuite skipped="0" hostname="LAPTOP-PL1SP9GH" name="sanity.AppLoadingTest" tests="6" failures="0" timestamp="2020-06-21T16:39:50 EDT" time="22.902" errors="0">
  <testcase name="verifyMainPageTitle" time="1.166" classname="sanity.AppLoadingTest"/>
  <system-out/>
  <testcase name="verifyAdventourtourspage" time="6.960" classname="sanity.AppLoadingTest"/>
  <system-out/>
  <testcase name="verifyContactUS" time="7.023" classname="sanity.AppLoadingTest"/>
  <system-out/>
  <testcase name="verifyFAQs" time="4.473" classname="sanity.AppLoadingTest"/>
  <system-out/>
  <testcase name="verifyTravelEssentials" time="1.548" classname="sanity.AppLoadingTest"/>
  <system-out/>
  <testcase name="verifySignIn" time="1.732" classname="sanity.AppLoadingTest"/>
  <system-out/>
</testsuite> <!-- sanity.AppLoadingTest -->
